Linking to GEOS 3.7.2, GDAL 3.0.4, PROJ 6.3.2; sf_use_s2() is TRUE
terra 1.7.71
qs 0.26.1
── Attaching core tidyverse packages ──────────────────────── tidyverse 2.0.0 ──
✔ dplyr     1.1.4     ✔ purrr     1.0.2
✔ forcats   1.0.0     ✔ readr     2.1.4
✔ ggplot2   3.4.3     ✔ stringr   1.5.0
✔ lubridate 1.9.3     ✔ tidyr     1.3.0
── Conflicts ────────────────────────────────────────── tidyverse_conflicts() ──
✖ tidyr::extract() masks terra::extract()
✖ dplyr::filter()  masks stats::filter()
✖ dplyr::lag()     masks stats::lag()
ℹ Use the conflicted package (<http://conflicted.r-lib.org/>) to force all conflicts to become errors
Thank you for using fastDummies!
To acknowledge our work, please cite the package:
Kaplan, J. & Schlegel, B. (2023). fastDummies: Fast Creation of Dummy (Binary) Columns and Rows from Categorical Variables. Version 1.7.1. URL: https://github.com/jacobkap/fastDummies, https://jacobkap.github.io/fastDummies/.

Attaching package: ‘scales’

The following object is masked from ‘package:purrr’:

    discard

The following object is masked from ‘package:readr’:

    col_factor

The following object is masked from ‘package:terra’:

    rescale


Attaching package: ‘data.table’

The following objects are masked from ‘package:lubridate’:

    hour, isoweek, mday, minute, month, quarter, second, wday, week,
    yday, year

The following objects are masked from ‘package:dplyr’:

    between, first, last

The following object is masked from ‘package:purrr’:

    transpose

The following object is masked from ‘package:terra’:

    shift

The following object is masked from ‘package:PrestoGP’:

    :=

* Option 'clustermq.scheduler' not set, defaulting to ‘SLURM’
--- see: https://mschubert.github.io/clustermq/articles/userguide.html#configuration
Spherical geometry (s2) switched off
✔ skipped target twi_path
✔ skipped target olm_names
✔ skipped target terra_climate_names
✔ skipped branch terra_climate_layer_files_981cca8c0d574235
✔ skipped branch terra_climate_layer_files_419e11f4c175e317
✔ skipped branch terra_climate_layer_files_71b910451b1fd746
✔ skipped branch terra_climate_layer_files_7074a8de67f90ff6
✔ skipped branch terra_climate_layer_files_ce13245a590da22e
✔ skipped branch terra_climate_layer_files_27a85ef81d22d8cb
✔ skipped branch terra_climate_layer_files_42db2931afc07640
✔ skipped branch terra_climate_layer_files_ec9936b1a711b2ba
✔ skipped branch terra_climate_layer_files_b205cf3532556e8b
✔ skipped branch terra_climate_layer_files_14362310d56d33fc
✔ skipped branch terra_climate_layer_files_c10797707b65c867
✔ skipped branch terra_climate_layer_files_11b49d30b4bf4a0c
✔ skipped branch terra_climate_layer_files_911c47cb1ae3b5d3
✔ skipped branch terra_climate_layer_files_389271c67d3243bc
✔ skipped pattern terra_climate_layer_files
✔ skipped branch terra_climate_mean_10f7eafc58a222f8
✔ skipped branch terra_climate_mean_94c413a5fe0b22cc
✔ skipped branch terra_climate_mean_ed4dca04c16b435c
✔ skipped branch terra_climate_mean_b5140412392890a0
✔ skipped branch terra_climate_mean_4825d8acc4fd788c
✔ skipped branch terra_climate_mean_874faf24d3815b07
✔ skipped branch terra_climate_mean_d40c6d2ae55d10af
✔ skipped branch terra_climate_mean_76bd8d3d502446a3
✔ skipped branch terra_climate_mean_b86cd1011efadceb
✔ skipped branch terra_climate_mean_2c6767926271de0b
✔ skipped branch terra_climate_mean_2fb5db42220d7a9a
✔ skipped branch terra_climate_mean_30169e6aaff58de7
✔ skipped branch terra_climate_mean_5d30dd52f935190c
✔ skipped branch terra_climate_mean_05a8a896d56f2a99
✔ skipped pattern terra_climate_mean
✔ skipped target wbd_data
✔ skipped target state_list
✔ skipped branch state_pesticide_421c1a4be6f76076
✔ skipped branch state_pesticide_16f58d0aa9611486
✔ skipped branch state_pesticide_6a1ab89044ff7b92
✔ skipped branch state_pesticide_463bc9c80610e3dc
✔ skipped branch state_pesticide_4c7ab197a951b245
✔ skipped branch state_pesticide_be8227301ed21da9
✔ skipped branch state_pesticide_ef49c6c512be2fbe
✔ skipped branch state_pesticide_01c3c1456c66d2de
✔ skipped branch state_pesticide_9cba5e4947c543a0
✔ skipped branch state_pesticide_e8c62d9286b2f3dc
✔ skipped branch state_pesticide_208c05f80b897b3e
✔ skipped branch state_pesticide_ed85bf8cc66df773
✔ skipped branch state_pesticide_c557a82845ffde6f
✔ skipped branch state_pesticide_48bd5adc2e3dfef0
✔ skipped branch state_pesticide_4f72d607e99a9ea3
✔ skipped branch state_pesticide_be97656a0786077b
✔ skipped branch state_pesticide_3eae0b2c891b9c32
✔ skipped branch state_pesticide_f3f6211b9bc93eee
✔ skipped branch state_pesticide_d758113f666a24f9
✔ skipped branch state_pesticide_19b6c9f933d44cde
✔ skipped branch state_pesticide_04b624040e02e7fd
✔ skipped branch state_pesticide_6698e7448858d788
✔ skipped branch state_pesticide_29a28cef9ff1c2c6
✔ skipped branch state_pesticide_64b46b664bec91d5
✔ skipped branch state_pesticide_9c9dfe3ac649f34d
✔ skipped branch state_pesticide_ecd8f1c0ebe7b043
✔ skipped branch state_pesticide_eaea0e50219d45b8
✔ skipped branch state_pesticide_80bf58e5008ad320
✔ skipped branch state_pesticide_2a6519f401dc2aa8
✔ skipped branch state_pesticide_6809077975fb871e
✔ skipped branch state_pesticide_2db4b14da09b390a
✔ skipped branch state_pesticide_0f4813264b6243d0
✔ skipped branch state_pesticide_a0b8baad308f5bfd
✔ skipped branch state_pesticide_df567c5e24b94704
✔ skipped branch state_pesticide_f630a029760ab6f7
✔ skipped branch state_pesticide_5153fc5e4332be6f
✔ skipped branch state_pesticide_4c6ab39224a9a55d
✔ skipped branch state_pesticide_f76385a82e08e671
✔ skipped branch state_pesticide_1f35261fd332c8cf
✔ skipped branch state_pesticide_298885e9e9a0c849
✔ skipped branch state_pesticide_5687a91b76e662ad
✔ skipped branch state_pesticide_ff683099d7e46378
✔ skipped branch state_pesticide_e5c0bf65eb83d824
✔ skipped branch state_pesticide_9de6e1bfe910134f
✔ skipped branch state_pesticide_a546de453f3d2db4
✔ skipped branch state_pesticide_5196c09ef89df89a
✔ skipped branch state_pesticide_7037c6e74b474c58
✔ skipped branch state_pesticide_1a5f5ee3387a76d1
✔ skipped pattern state_pesticide
✔ skipped branch terra_climate_yearly_857a6093dd6a7c95
✔ skipped branch terra_climate_yearly_85775a2ff6d0e41e
✔ skipped branch terra_climate_yearly_87d5330c19bf443b
✔ skipped branch terra_climate_yearly_48defb9589f445db
✔ skipped branch terra_climate_yearly_160d1832b1905165
✔ skipped branch terra_climate_yearly_0485b14b6518de24
✔ skipped branch terra_climate_yearly_81d8fc237609feae
✔ skipped branch terra_climate_yearly_af70f52ac7da8659
✔ skipped branch terra_climate_yearly_0abc472d00820ce3
✔ skipped branch terra_climate_yearly_4df38438f936f3d6
✔ skipped branch terra_climate_yearly_29f16c3d702e820c
✔ skipped branch terra_climate_yearly_a1c8af578e3c323f
✔ skipped branch terra_climate_yearly_93e2a95e9c707c8d
✔ skipped branch terra_climate_yearly_41a8b4c9e4604a9e
✔ skipped pattern terra_climate_yearly
✔ skipped target huc_levels
✔ skipped target state_pesticide_combined
✔ skipped target pesticide_censored
✔ skipped target pesticide_daily
✔ skipped target pesticide_yearly
✔ skipped target pesticide_yearly_filtered
✔ skipped branch huc_twi_d194e4be091ba82d
✔ skipped branch huc_twi_b81522b340944b81
▶ dispatched branch huc_twi_642c7dfd9ec32e6a
✔ skipped branch huc_nass_d194e4be091ba82d
✔ skipped branch huc_nass_b81522b340944b81
✔ skipped branch huc_nass_642c7dfd9ec32e6a
✔ skipped pattern huc_nass
✔ skipped branch olm_layer_files_b52c2b33a5e3bcd6
✔ skipped branch olm_layer_files_aae78edb7049b625
✔ skipped branch olm_layer_files_05887f60853aa761
✔ skipped branch olm_layer_files_a48a0cfee01b7ebe
✔ skipped branch olm_layer_files_30de25454c92c9e0
✔ skipped branch olm_layer_files_7ebc1b73dfdcff43
✔ skipped branch olm_layer_files_8dbdf3f0748c2ebf
✔ skipped pattern olm_layer_files
✔ skipped branch olm_layer_rast_c3d0b655153adb2c
✔ skipped branch olm_layer_rast_990440366c151409
✔ skipped branch olm_layer_rast_2e86c3868fe065d6
✔ skipped branch olm_layer_rast_c177d39346d32623
✔ skipped branch olm_layer_rast_9792ba2168d9abea
✔ skipped branch olm_layer_rast_b90bc18569f74e96
✔ skipped branch olm_layer_rast_94eb73aaf1a3132c
✔ skipped pattern olm_layer_rast
✔ skipped target sf_pesticide
✔ skipped target sf_pesticide_huc
✔ skipped target sf_pesticide_buffer
✔ skipped branch tc_huc10_b413aa13fe6b5e58
✔ skipped branch tc_huc10_37bcf875e81cc573
✔ skipped branch tc_huc10_42d0111b4dc53579
✔ skipped branch tc_huc10_63e137b08b4f6a7d
✔ skipped branch tc_huc10_06c5267193131991
✔ skipped branch tc_huc10_f759ce56e4129db2
✔ skipped branch tc_huc10_b9d04d5705394ee0
✔ skipped branch tc_huc10_63668ac87f2ab5fe
✔ skipped branch tc_huc10_b1cb97d6bea7da8b
✔ skipped branch tc_huc10_e34129a6f0e30a95
✔ skipped branch tc_huc10_fd645c2204a3708e
✔ skipped branch tc_huc10_67da6b98658a7099
✔ skipped branch tc_huc10_051c3980d4f32431
✔ skipped branch tc_huc10_376cbee812b38677
✔ skipped pattern tc_huc10
✔ skipped branch tc_huc08_b413aa13fe6b5e58
✔ skipped branch tc_huc08_37bcf875e81cc573
✔ skipped branch tc_huc08_42d0111b4dc53579
✔ skipped branch tc_huc08_63e137b08b4f6a7d
✔ skipped branch tc_huc08_06c5267193131991
✔ skipped branch tc_huc08_f759ce56e4129db2
✔ skipped branch tc_huc08_b9d04d5705394ee0
✔ skipped branch tc_huc08_63668ac87f2ab5fe
✔ skipped branch tc_huc08_b1cb97d6bea7da8b
✔ skipped branch tc_huc08_e34129a6f0e30a95
✔ skipped branch tc_huc08_fd645c2204a3708e
✔ skipped branch tc_huc08_67da6b98658a7099
✔ skipped branch tc_huc08_051c3980d4f32431
✔ skipped branch tc_huc08_376cbee812b38677
✔ skipped pattern tc_huc08
✔ skipped branch olm_huc10_62e541153e824709
✔ skipped branch olm_huc10_4bd3151337ea2d37
✔ skipped branch olm_huc10_3ee61c62ae2e52cf
✔ skipped branch olm_huc10_dfa74161717917fc
✔ skipped branch olm_huc10_8ecc171b9e0e3c35
✔ skipped branch olm_huc10_583ec3336bf8639b
✔ skipped branch olm_huc10_9dae2790e8379df8
✔ skipped pattern olm_huc10
▶ dispatched branch olm_huc12_62e541153e824709
▶ dispatched branch olm_huc12_4bd3151337ea2d37
▶ dispatched branch olm_huc12_3ee61c62ae2e52cf
▶ dispatched branch olm_huc12_dfa74161717917fc
▶ dispatched branch olm_huc12_8ecc171b9e0e3c35
▶ dispatched branch olm_huc12_583ec3336bf8639b
▶ dispatched branch olm_huc12_9dae2790e8379df8
✔ skipped branch olm_huc08_62e541153e824709
✔ skipped branch olm_huc08_4bd3151337ea2d37
✔ skipped branch olm_huc08_3ee61c62ae2e52cf
✔ skipped branch olm_huc08_dfa74161717917fc
✔ skipped branch olm_huc08_8ecc171b9e0e3c35
✔ skipped branch olm_huc08_583ec3336bf8639b
✔ skipped branch olm_huc08_9dae2790e8379df8
✔ skipped pattern olm_huc08
✔ skipped branch terra_climate_buffer_b413aa13fe6b5e58
✔ skipped branch terra_climate_buffer_37bcf875e81cc573
✔ skipped branch terra_climate_buffer_42d0111b4dc53579
✔ skipped branch terra_climate_buffer_63e137b08b4f6a7d
✔ skipped branch terra_climate_buffer_06c5267193131991
✔ skipped branch terra_climate_buffer_f759ce56e4129db2
✔ skipped branch terra_climate_buffer_b9d04d5705394ee0
✔ skipped branch terra_climate_buffer_63668ac87f2ab5fe
✔ skipped branch terra_climate_buffer_b1cb97d6bea7da8b
✔ skipped branch terra_climate_buffer_e34129a6f0e30a95
✔ skipped branch terra_climate_buffer_fd645c2204a3708e
✔ skipped branch terra_climate_buffer_67da6b98658a7099
✔ skipped branch terra_climate_buffer_051c3980d4f32431
✔ skipped branch terra_climate_buffer_376cbee812b38677
✔ skipped pattern terra_climate_buffer
▶ dispatched branch olm_buffer_62e541153e824709
▶ dispatched branch olm_buffer_4bd3151337ea2d37
▶ dispatched branch olm_buffer_3ee61c62ae2e52cf
▶ dispatched branch olm_buffer_dfa74161717917fc
▶ dispatched branch olm_buffer_8ecc171b9e0e3c35
▶ dispatched branch olm_buffer_583ec3336bf8639b
▶ dispatched branch olm_buffer_9dae2790e8379df8
● completed branch huc_twi_642c7dfd9ec32e6a [1.462 hours]
● completed pattern huc_twi
▶ dispatched branch tc_huc12_b413aa13fe6b5e58
● completed branch tc_huc12_b413aa13fe6b5e58 [5.412 minutes]
▶ dispatched branch tc_huc12_37bcf875e81cc573
● completed branch tc_huc12_37bcf875e81cc573 [5.613 minutes]
▶ dispatched branch tc_huc12_42d0111b4dc53579
● completed branch tc_huc12_42d0111b4dc53579 [5.149 minutes]
▶ dispatched branch tc_huc12_63e137b08b4f6a7d
● completed branch tc_huc12_63e137b08b4f6a7d [5.093 minutes]
▶ dispatched branch tc_huc12_06c5267193131991
● completed branch tc_huc12_06c5267193131991 [5.172 minutes]
▶ dispatched branch tc_huc12_f759ce56e4129db2
● completed branch tc_huc12_f759ce56e4129db2 [5.304 minutes]
▶ dispatched branch tc_huc12_b9d04d5705394ee0
● completed branch tc_huc12_b9d04d5705394ee0 [5.636 minutes]
▶ dispatched branch tc_huc12_63668ac87f2ab5fe
● completed branch tc_huc12_63668ac87f2ab5fe [5.497 minutes]
▶ dispatched branch tc_huc12_b1cb97d6bea7da8b
● completed branch tc_huc12_b1cb97d6bea7da8b [5.365 minutes]
▶ dispatched branch tc_huc12_e34129a6f0e30a95
● completed branch tc_huc12_e34129a6f0e30a95 [6.06 minutes]
▶ dispatched branch tc_huc12_fd645c2204a3708e
● completed branch tc_huc12_fd645c2204a3708e [5.524 minutes]
▶ dispatched branch tc_huc12_67da6b98658a7099
● completed branch tc_huc12_67da6b98658a7099 [5.593 minutes]
▶ dispatched branch tc_huc12_051c3980d4f32431
● completed branch tc_huc12_051c3980d4f32431 [5.932 minutes]
▶ dispatched branch tc_huc12_376cbee812b38677
● completed branch tc_huc12_376cbee812b38677 [5.929 minutes]
● completed pattern tc_huc12
